2015-03-04 21:36:44.933+0530 [main] ERROR c.a.repository.RepositoryHibernate [RepositoryHibernate.java:39] - HibernateException .....

org.hibernate.hql.ast.QuerySyntaxException: APerson is not mapped [from APerson]
	at org.hibernate.hql.ast.util.SessionFactoryHelper.requireClassPersister(SessionFactoryHelper.java:180) ~[hibernate-core-3.6.0.Final.jar:3.6.0.Final]
	at org.hibernate.hql.ast.tree.FromElementFactory.addFromElement(FromElementFactory.java:111) ~[hibernate-core-3.6.0.Final.jar:3.6.0.Final]
	at org.hibernate.hql.ast.tree.FromClause.addFromElement(FromClause.java:93) ~[hibernate-core-3.6.0.Final.jar:3.6.0.Final]
	at org.hibernate.hql.ast.HqlSqlWalker.createFromElement(HqlSqlWalker.java:322) ~[hibernate-core-3.6.0.Final.jar:3.6.0.Final]
	at org.hibernate.hql.antlr.HqlSqlBaseWalker.fromElement(HqlSqlBaseWalker.java:3441) ~[hibernate-core-3.6.0.Final.jar:3.6.0.Final]
	at org.hibernate.hql.antlr.HqlSqlBaseWalker.fromElementList(HqlSqlBaseWalker.java:3325) ~[hibernate-core-3.6.0.Final.jar:3.6.0.Final]
	at org.hibernate.hql.antlr.HqlSqlBaseWalker.fromClause(HqlSqlBaseWalker.java:733) ~[hibernate-core-3.6.0.Final.jar:3.6.0.Final]
	at org.hibernate.hql.antlr.HqlSqlBaseWalker.query(HqlSqlBaseWalker.java:584) ~[hibernate-core-3.6.0.Final.jar:3.6.0.Final]
	at org.hibernate.hql.antlr.HqlSqlBaseWalker.selectStatement(HqlSqlBaseWalker.java:301) ~[hibernate-core-3.6.0.Final.jar:3.6.0.Final]
	at org.hibernate.hql.antlr.HqlSqlBaseWalker.statement(HqlSqlBaseWalker.java:244) ~[hibernate-core-3.6.0.Final.jar:3.6.0.Final]
	at org.hibernate.hql.ast.QueryTranslatorImpl.analyze(QueryTranslatorImpl.java:254) ~[hibernate-core-3.6.0.Final.jar:3.6.0.Final]
	at org.hibernate.hql.ast.QueryTranslatorImpl.doCompile(QueryTranslatorImpl.java:185) ~[hibernate-core-3.6.0.Final.jar:3.6.0.Final]
	at org.hibernate.hql.ast.QueryTranslatorImpl.compile(QueryTranslatorImpl.java:136) ~[hibernate-core-3.6.0.Final.jar:3.6.0.Final]
	at org.hibernate.engine.query.HQLQueryPlan.<init>(HQLQueryPlan.java:101) ~[hibernate-core-3.6.0.Final.jar:3.6.0.Final]
	at org.hibernate.engine.query.HQLQueryPlan.<init>(HQLQueryPlan.java:80) ~[hibernate-core-3.6.0.Final.jar:3.6.0.Final]
	at org.hibernate.engine.query.QueryPlanCache.getHQLQueryPlan(QueryPlanCache.java:124) ~[hibernate-core-3.6.0.Final.jar:3.6.0.Final]
	at org.hibernate.impl.AbstractSessionImpl.getHQLQueryPlan(AbstractSessionImpl.java:156) ~[hibernate-core-3.6.0.Final.jar:3.6.0.Final]
	at org.hibernate.impl.AbstractSessionImpl.createQuery(AbstractSessionImpl.java:135) ~[hibernate-core-3.6.0.Final.jar:3.6.0.Final]
	at org.hibernate.impl.SessionImpl.createQuery(SessionImpl.java:1770) ~[hibernate-core-3.6.0.Final.jar:3.6.0.Final]
	at com.apollo.repository.RepositoryHibernate.getMessageRepositorySpecific(RepositoryHibernate.java:37) [classes/:na]
	at com.apollo.repository.RepositoryHibernate.getMessageFromDB(RepositoryHibernate.java:28) [classes/:na]
	at com.apollo.repository.RepositoryHibernate.getMessage(RepositoryHibernate.java:24) [classes/:na]
	at com.apollo.repository.RepositoryHibernate$$FastClassByCGLIB$$79e7b9b6.invoke(<generated>) [cglib-nodep-2.2.2.jar:na]
	at net.sf.cglib.proxy.MethodProxy.invoke(MethodProxy.java:204) [cglib-nodep-2.2.2.jar:na]
	at org.springframework.aop.framework.Cglib2AopProxy$DynamicAdvisedInterceptor.intercept(Cglib2AopProxy.java:617) [spring-aop-3.0.3.RELEASE.jar:3.0.3.RELEASE]
	at com.apollo.repository.RepositoryHibernate$$EnhancerByCGLIB$$fe0c4f70.getMessage(<generated>) [cglib-nodep-2.2.2.jar:na]
	at com.apollo.service.MessageService.getMessages(MessageService.java:31) [classes/:na]
	at com.apollo.service.MessageService.getSuperMessage(MessageService.java:26) [classes/:na]
	at com.apollo.service.MessageService.getBaseMessage(MessageService.java:22) [classes/:na]
	at com.apollo.resource.MessageResource.retreiveMessage(MessageResource.java:28) [classes/:na]
	at com.apollo.resource.MessageResource.validateMessage(MessageResource.java:23) [classes/:na]
	at com.apollo.resource.MessageResource.getDiscussionMessage(MessageResource.java:19) [classes/:na]
	at com.apollo.discussions.Test.main(Test.java:25) [classes/:na]
2015-03-04 21:36:44.939+0530 [main] ERROR com.apollo.service.MessageService [MessageService.java:33] - Unable to get the message details...
org.hibernate.HibernateException: Real Root Exception while getting the message using hibernate query.
	at com.apollo.repository.RepositoryHibernate.getMessageRepositorySpecific(RepositoryHibernate.java:40) ~[classes/:na]
	at com.apollo.repository.RepositoryHibernate.getMessageFromDB(RepositoryHibernate.java:28) ~[classes/:na]
	at com.apollo.repository.RepositoryHibernate.getMessage(RepositoryHibernate.java:24) ~[classes/:na]
	at com.apollo.repository.RepositoryHibernate$$FastClassByCGLIB$$79e7b9b6.invoke(<generated>) ~[cglib-nodep-2.2.2.jar:na]
	at net.sf.cglib.proxy.MethodProxy.invoke(MethodProxy.java:204) ~[cglib-nodep-2.2.2.jar:na]
	at org.springframework.aop.framework.Cglib2AopProxy$DynamicAdvisedInterceptor.intercept(Cglib2AopProxy.java:617) ~[spring-aop-3.0.3.RELEASE.jar:3.0.3.RELEASE]
	at com.apollo.repository.RepositoryHibernate$$EnhancerByCGLIB$$fe0c4f70.getMessage(<generated>) ~[cglib-nodep-2.2.2.jar:na]
	at com.apollo.service.MessageService.getMessages(MessageService.java:31) [classes/:na]
	at com.apollo.service.MessageService.getSuperMessage(MessageService.java:26) [classes/:na]
	at com.apollo.service.MessageService.getBaseMessage(MessageService.java:22) [classes/:na]
	at com.apollo.resource.MessageResource.retreiveMessage(MessageResource.java:28) [classes/:na]
	at com.apollo.resource.MessageResource.validateMessage(MessageResource.java:23) [classes/:na]
	at com.apollo.resource.MessageResource.getDiscussionMessage(MessageResource.java:19) [classes/:na]
	at com.apollo.discussions.Test.main(Test.java:25) [classes/:na]
Caused by: org.hibernate.hql.ast.QuerySyntaxException: APerson is not mapped [from APerson]
	at org.hibernate.hql.ast.util.SessionFactoryHelper.requireClassPersister(SessionFactoryHelper.java:180) ~[hibernate-core-3.6.0.Final.jar:3.6.0.Final]
	at org.hibernate.hql.ast.tree.FromElementFactory.addFromElement(FromElementFactory.java:111) ~[hibernate-core-3.6.0.Final.jar:3.6.0.Final]
	at org.hibernate.hql.ast.tree.FromClause.addFromElement(FromClause.java:93) ~[hibernate-core-3.6.0.Final.jar:3.6.0.Final]
	at org.hibernate.hql.ast.HqlSqlWalker.createFromElement(HqlSqlWalker.java:322) ~[hibernate-core-3.6.0.Final.jar:3.6.0.Final]
	at org.hibernate.hql.antlr.HqlSqlBaseWalker.fromElement(HqlSqlBaseWalker.java:3441) ~[hibernate-core-3.6.0.Final.jar:3.6.0.Final]
	at org.hibernate.hql.antlr.HqlSqlBaseWalker.fromElementList(HqlSqlBaseWalker.java:3325) ~[hibernate-core-3.6.0.Final.jar:3.6.0.Final]
	at org.hibernate.hql.antlr.HqlSqlBaseWalker.fromClause(HqlSqlBaseWalker.java:733) ~[hibernate-core-3.6.0.Final.jar:3.6.0.Final]
	at org.hibernate.hql.antlr.HqlSqlBaseWalker.query(HqlSqlBaseWalker.java:584) ~[hibernate-core-3.6.0.Final.jar:3.6.0.Final]
	at org.hibernate.hql.antlr.HqlSqlBaseWalker.selectStatement(HqlSqlBaseWalker.java:301) ~[hibernate-core-3.6.0.Final.jar:3.6.0.Final]
	at org.hibernate.hql.antlr.HqlSqlBaseWalker.statement(HqlSqlBaseWalker.java:244) ~[hibernate-core-3.6.0.Final.jar:3.6.0.Final]
	at org.hibernate.hql.ast.QueryTranslatorImpl.analyze(QueryTranslatorImpl.java:254) ~[hibernate-core-3.6.0.Final.jar:3.6.0.Final]
	at org.hibernate.hql.ast.QueryTranslatorImpl.doCompile(QueryTranslatorImpl.java:185) ~[hibernate-core-3.6.0.Final.jar:3.6.0.Final]
	at org.hibernate.hql.ast.QueryTranslatorImpl.compile(QueryTranslatorImpl.java:136) ~[hibernate-core-3.6.0.Final.jar:3.6.0.Final]
	at org.hibernate.engine.query.HQLQueryPlan.<init>(HQLQueryPlan.java:101) ~[hibernate-core-3.6.0.Final.jar:3.6.0.Final]
	at org.hibernate.engine.query.HQLQueryPlan.<init>(HQLQueryPlan.java:80) ~[hibernate-core-3.6.0.Final.jar:3.6.0.Final]
	at org.hibernate.engine.query.QueryPlanCache.getHQLQueryPlan(QueryPlanCache.java:124) ~[hibernate-core-3.6.0.Final.jar:3.6.0.Final]
	at org.hibernate.impl.AbstractSessionImpl.getHQLQueryPlan(AbstractSessionImpl.java:156) ~[hibernate-core-3.6.0.Final.jar:3.6.0.Final]
	at org.hibernate.impl.AbstractSessionImpl.createQuery(AbstractSessionImpl.java:135) ~[hibernate-core-3.6.0.Final.jar:3.6.0.Final]
	at org.hibernate.impl.SessionImpl.createQuery(SessionImpl.java:1770) ~[hibernate-core-3.6.0.Final.jar:3.6.0.Final]
	at com.apollo.repository.RepositoryHibernate.getMessageRepositorySpecific(RepositoryHibernate.java:37) ~[classes/:na]
	... 13 common frames omitted
2015-03-04 21:36:44.939+0530 [main] ERROR com.apollo.resource.MessageResource [MessageResource.java:30] - Some Exception----->
java.lang.RuntimeException: Unable to get the required message
	at com.apollo.service.MessageService.getMessages(MessageService.java:34) ~[classes/:na]
	at com.apollo.service.MessageService.getSuperMessage(MessageService.java:26) ~[classes/:na]
	at com.apollo.service.MessageService.getBaseMessage(MessageService.java:22) ~[classes/:na]
	at com.apollo.resource.MessageResource.retreiveMessage(MessageResource.java:28) [classes/:na]
	at com.apollo.resource.MessageResource.validateMessage(MessageResource.java:23) [classes/:na]
	at com.apollo.resource.MessageResource.getDiscussionMessage(MessageResource.java:19) [classes/:na]
	at com.apollo.discussions.Test.main(Test.java:25) [classes/:na]
Caused by: org.hibernate.HibernateException: Real Root Exception while getting the message using hibernate query.
	at com.apollo.repository.RepositoryHibernate.getMessageRepositorySpecific(RepositoryHibernate.java:40) ~[classes/:na]
	at com.apollo.repository.RepositoryHibernate.getMessageFromDB(RepositoryHibernate.java:28) ~[classes/:na]
	at com.apollo.repository.RepositoryHibernate.getMessage(RepositoryHibernate.java:24) ~[classes/:na]
	at com.apollo.repository.RepositoryHibernate$$FastClassByCGLIB$$79e7b9b6.invoke(<generated>) ~[cglib-nodep-2.2.2.jar:na]
	at net.sf.cglib.proxy.MethodProxy.invoke(MethodProxy.java:204) ~[cglib-nodep-2.2.2.jar:na]
	at org.springframework.aop.framework.Cglib2AopProxy$DynamicAdvisedInterceptor.intercept(Cglib2AopProxy.java:617) ~[spring-aop-3.0.3.RELEASE.jar:3.0.3.RELEASE]
	at com.apollo.repository.RepositoryHibernate$$EnhancerByCGLIB$$fe0c4f70.getMessage(<generated>) ~[cglib-nodep-2.2.2.jar:na]
	at com.apollo.service.MessageService.getMessages(MessageService.java:31) ~[classes/:na]
	... 6 common frames omitted
Caused by: org.hibernate.hql.ast.QuerySyntaxException: APerson is not mapped [from APerson]
	at org.hibernate.hql.ast.util.SessionFactoryHelper.requireClassPersister(SessionFactoryHelper.java:180) ~[hibernate-core-3.6.0.Final.jar:3.6.0.Final]
	at org.hibernate.hql.ast.tree.FromElementFactory.addFromElement(FromElementFactory.java:111) ~[hibernate-core-3.6.0.Final.jar:3.6.0.Final]
	at org.hibernate.hql.ast.tree.FromClause.addFromElement(FromClause.java:93) ~[hibernate-core-3.6.0.Final.jar:3.6.0.Final]
	at org.hibernate.hql.ast.HqlSqlWalker.createFromElement(HqlSqlWalker.java:322) ~[hibernate-core-3.6.0.Final.jar:3.6.0.Final]
	at org.hibernate.hql.antlr.HqlSqlBaseWalker.fromElement(HqlSqlBaseWalker.java:3441) ~[hibernate-core-3.6.0.Final.jar:3.6.0.Final]
	at org.hibernate.hql.antlr.HqlSqlBaseWalker.fromElementList(HqlSqlBaseWalker.java:3325) ~[hibernate-core-3.6.0.Final.jar:3.6.0.Final]
	at org.hibernate.hql.antlr.HqlSqlBaseWalker.fromClause(HqlSqlBaseWalker.java:733) ~[hibernate-core-3.6.0.Final.jar:3.6.0.Final]
	at org.hibernate.hql.antlr.HqlSqlBaseWalker.query(HqlSqlBaseWalker.java:584) ~[hibernate-core-3.6.0.Final.jar:3.6.0.Final]
	at org.hibernate.hql.antlr.HqlSqlBaseWalker.selectStatement(HqlSqlBaseWalker.java:301) ~[hibernate-core-3.6.0.Final.jar:3.6.0.Final]
	at org.hibernate.hql.antlr.HqlSqlBaseWalker.statement(HqlSqlBaseWalker.java:244) ~[hibernate-core-3.6.0.Final.jar:3.6.0.Final]
	at org.hibernate.hql.ast.QueryTranslatorImpl.analyze(QueryTranslatorImpl.java:254) ~[hibernate-core-3.6.0.Final.jar:3.6.0.Final]
	at org.hibernate.hql.ast.QueryTranslatorImpl.doCompile(QueryTranslatorImpl.java:185) ~[hibernate-core-3.6.0.Final.jar:3.6.0.Final]
	at org.hibernate.hql.ast.QueryTranslatorImpl.compile(QueryTranslatorImpl.java:136) ~[hibernate-core-3.6.0.Final.jar:3.6.0.Final]
	at org.hibernate.engine.query.HQLQueryPlan.<init>(HQLQueryPlan.java:101) ~[hibernate-core-3.6.0.Final.jar:3.6.0.Final]
	at org.hibernate.engine.query.HQLQueryPlan.<init>(HQLQueryPlan.java:80) ~[hibernate-core-3.6.0.Final.jar:3.6.0.Final]
	at org.hibernate.engine.query.QueryPlanCache.getHQLQueryPlan(QueryPlanCache.java:124) ~[hibernate-core-3.6.0.Final.jar:3.6.0.Final]
	at org.hibernate.impl.AbstractSessionImpl.getHQLQueryPlan(AbstractSessionImpl.java:156) ~[hibernate-core-3.6.0.Final.jar:3.6.0.Final]
	at org.hibernate.impl.AbstractSessionImpl.createQuery(AbstractSessionImpl.java:135) ~[hibernate-core-3.6.0.Final.jar:3.6.0.Final]
	at org.hibernate.impl.SessionImpl.createQuery(SessionImpl.java:1770) ~[hibernate-core-3.6.0.Final.jar:3.6.0.Final]
	at com.apollo.repository.RepositoryHibernate.getMessageRepositorySpecific(RepositoryHibernate.java:37) ~[classes/:na]
	... 13 common frames omitted
2015-03-04 21:36:44.940+0530 [main] ERROR com.apollo.discussions.Test [Test.java:27] - Error at ...
java.lang.RuntimeException: Exception at 
	at com.apollo.resource.MessageResource.retreiveMessage(MessageResource.java:31) ~[classes/:na]
	at com.apollo.resource.MessageResource.validateMessage(MessageResource.java:23) ~[classes/:na]
	at com.apollo.resource.MessageResource.getDiscussionMessage(MessageResource.java:19) ~[classes/:na]
	at com.apollo.discussions.Test.main(Test.java:25) ~[classes/:na]
Caused by: java.lang.RuntimeException: Unable to get the required message
	at com.apollo.service.MessageService.getMessages(MessageService.java:34) ~[classes/:na]
	at com.apollo.service.MessageService.getSuperMessage(MessageService.java:26) ~[classes/:na]
	at com.apollo.service.MessageService.getBaseMessage(MessageService.java:22) ~[classes/:na]
	at com.apollo.resource.MessageResource.retreiveMessage(MessageResource.java:28) ~[classes/:na]
	... 3 common frames omitted
Caused by: org.hibernate.HibernateException: Real Root Exception while getting the message using hibernate query.
	at com.apollo.repository.RepositoryHibernate.getMessageRepositorySpecific(RepositoryHibernate.java:40) ~[classes/:na]
	at com.apollo.repository.RepositoryHibernate.getMessageFromDB(RepositoryHibernate.java:28) ~[classes/:na]
	at com.apollo.repository.RepositoryHibernate.getMessage(RepositoryHibernate.java:24) ~[classes/:na]
	at com.apollo.repository.RepositoryHibernate$$FastClassByCGLIB$$79e7b9b6.invoke(<generated>) ~[cglib-nodep-2.2.2.jar:na]
	at net.sf.cglib.proxy.MethodProxy.invoke(MethodProxy.java:204) ~[cglib-nodep-2.2.2.jar:na]
	at org.springframework.aop.framework.Cglib2AopProxy$DynamicAdvisedInterceptor.intercept(Cglib2AopProxy.java:617) ~[spring-aop-3.0.3.RELEASE.jar:3.0.3.RELEASE]
	at com.apollo.repository.RepositoryHibernate$$EnhancerByCGLIB$$fe0c4f70.getMessage(<generated>) ~[cglib-nodep-2.2.2.jar:na]
	at com.apollo.service.MessageService.getMessages(MessageService.java:31) ~[classes/:na]
	... 6 common frames omitted
Caused by: org.hibernate.hql.ast.QuerySyntaxException: APerson is not mapped [from APerson]
	at org.hibernate.hql.ast.util.SessionFactoryHelper.requireClassPersister(SessionFactoryHelper.java:180) ~[hibernate-core-3.6.0.Final.jar:3.6.0.Final]
	at org.hibernate.hql.ast.tree.FromElementFactory.addFromElement(FromElementFactory.java:111) ~[hibernate-core-3.6.0.Final.jar:3.6.0.Final]
	at org.hibernate.hql.ast.tree.FromClause.addFromElement(FromClause.java:93) ~[hibernate-core-3.6.0.Final.jar:3.6.0.Final]
	at org.hibernate.hql.ast.HqlSqlWalker.createFromElement(HqlSqlWalker.java:322) ~[hibernate-core-3.6.0.Final.jar:3.6.0.Final]
	at org.hibernate.hql.antlr.HqlSqlBaseWalker.fromElement(HqlSqlBaseWalker.java:3441) ~[hibernate-core-3.6.0.Final.jar:3.6.0.Final]
	at org.hibernate.hql.antlr.HqlSqlBaseWalker.fromElementList(HqlSqlBaseWalker.java:3325) ~[hibernate-core-3.6.0.Final.jar:3.6.0.Final]
	at org.hibernate.hql.antlr.HqlSqlBaseWalker.fromClause(HqlSqlBaseWalker.java:733) ~[hibernate-core-3.6.0.Final.jar:3.6.0.Final]
	at org.hibernate.hql.antlr.HqlSqlBaseWalker.query(HqlSqlBaseWalker.java:584) ~[hibernate-core-3.6.0.Final.jar:3.6.0.Final]
	at org.hibernate.hql.antlr.HqlSqlBaseWalker.selectStatement(HqlSqlBaseWalker.java:301) ~[hibernate-core-3.6.0.Final.jar:3.6.0.Final]
	at org.hibernate.hql.antlr.HqlSqlBaseWalker.statement(HqlSqlBaseWalker.java:244) ~[hibernate-core-3.6.0.Final.jar:3.6.0.Final]
	at org.hibernate.hql.ast.QueryTranslatorImpl.analyze(QueryTranslatorImpl.java:254) ~[hibernate-core-3.6.0.Final.jar:3.6.0.Final]
	at org.hibernate.hql.ast.QueryTranslatorImpl.doCompile(QueryTranslatorImpl.java:185) ~[hibernate-core-3.6.0.Final.jar:3.6.0.Final]
	at org.hibernate.hql.ast.QueryTranslatorImpl.compile(QueryTranslatorImpl.java:136) ~[hibernate-core-3.6.0.Final.jar:3.6.0.Final]
	at org.hibernate.engine.query.HQLQueryPlan.<init>(HQLQueryPlan.java:101) ~[hibernate-core-3.6.0.Final.jar:3.6.0.Final]
	at org.hibernate.engine.query.HQLQueryPlan.<init>(HQLQueryPlan.java:80) ~[hibernate-core-3.6.0.Final.jar:3.6.0.Final]
	at org.hibernate.engine.query.QueryPlanCache.getHQLQueryPlan(QueryPlanCache.java:124) ~[hibernate-core-3.6.0.Final.jar:3.6.0.Final]
	at org.hibernate.impl.AbstractSessionImpl.getHQLQueryPlan(AbstractSessionImpl.java:156) ~[hibernate-core-3.6.0.Final.jar:3.6.0.Final]
	at org.hibernate.impl.AbstractSessionImpl.createQuery(AbstractSessionImpl.java:135) ~[hibernate-core-3.6.0.Final.jar:3.6.0.Final]
	at org.hibernate.impl.SessionImpl.createQuery(SessionImpl.java:1770) ~[hibernate-core-3.6.0.Final.jar:3.6.0.Final]
	at com.apollo.repository.RepositoryHibernate.getMessageRepositorySpecific(RepositoryHibernate.java:37) ~[classes/:na]
	... 13 common frames omitted
